#
# A fatal error has been detected by the Java Runtime Environment:
#
#  SIGSEGV (0xb) at pc=0x0000000000000000, pid=2650, tid=86427
#
# JRE version: OpenJDK Runtime Environment (17.0.1+12) (build 17.0.1+12-39)
# Java VM: OpenJDK 64-Bit Server VM (17.0.1+12-39, mixed mode, emulated-client, sharing, tiered, compressed oops, compressed class ptrs, g1 gc, bsd-amd64)
# Problematic frame:
# C  0x0000000000000000
#
# No core dump will be written. Core dumps have been disabled. To enable core dumping, try "ulimit -c unlimited" before starting Java again
#
# If you would like to submit a bug report, please visit:
#   https://bugreport.java.com/bugreport/crash.jsp
#

---------------  S U M M A R Y ------------

Command Line: -XX:TieredStopAtLevel=1 -Xverify:none -Dspring.output.ansi.enabled=always -javaagent:/Applications/IntelliJ IDEA.app/Contents/lib/idea_rt.jar=51476:/Applications/IntelliJ IDEA.app/Contents/bin -Dcom.sun.management.jmxremote -Dspring.jmx.enabled=true -Dspring.liveBeansView.mbeanDomain -Dspring.application.admin.enabled=true -agentpath:/private/var/folders/9w/wjpl4t0d64b6543vgqc0hbg00000gn/T/libasyncProfiler.so=start,jfr,event=cpu,interval=1ms,event=alloc,file=/Users/eminebozkurt/NorthwindApplication_2021_11_30_220505.jfr -Dfile.encoding=UTF-8 kodlamaio.northwind.NorthwindApplication

Host: "MacBookPro17,1" x86_64 (EMULATED) 2400 MHz, 8 cores, 8G, Darwin 21.1.0, macOS 12.0.1 (21A559)
Time: Tue Nov 30 22:05:09 2021 +03 elapsed time: 3.413090 seconds (0d 0h 0m 3s)

---------------  T H R E A D  ---------------

Current thread (0x00007fb85a2d4400):  JavaThread "JMX server connection timeout 28" daemon [_thread_in_vm, id=86427, stack(0x000000030e4c4000,0x000000030e5c4000)]

Stack: [0x000000030e4c4000,0x000000030e5c4000],  sp=0x000000030e5c3198,  free space=1020k
Java frames: (J=compiled Java code, j=interpreted, Vv=VM code)
v  ~RuntimeStub::new_type_array Runtime1 stub
J 393 c1 jdk.internal.misc.Unsafe.allocateUninitializedArray0(Ljava/lang/Class;I)Ljava/lang/Object; java.base@17.0.1 (90 bytes) @ 0x0000000117a8d13c [0x0000000117a8ca20+0x000000000000071c]
J 392 c1 jdk.internal.misc.Unsafe.allocateUninitializedArray(Ljava/lang/Class;I)Ljava/lang/Object; java.base@17.0.1 (55 bytes) @ 0x0000000117a8c2cc [0x0000000117a8c260+0x000000000000006c]
J 457 c1 java.lang.StringConcatHelper.newArray(J)[B java.base@17.0.1 (26 bytes) @ 0x0000000117aa3f04 [0x0000000117aa3ec0+0x0000000000000044]
j  java.lang.invoke.DirectMethodHandle$Holder.invokeStatic(Ljava/lang/Object;J)Ljava/lang/Object;+10 java.base@17.0.1
j  java.lang.invoke.LambdaForm$MH+0x0000000800d54000.invoke(Ljava/lang/Object;Ljava/lang/Object;J)Ljava/lang/Object;+72 java.base@17.0.1
j  java.lang.invoke.LambdaForm$MH+0x0000000800d54400.linkToTargetMethod(Ljava/lang/Object;JLjava/lang/Object;)Ljava/lang/Object;+6 java.base@17.0.1
j  com.sun.jmx.remote.internal.ServerCommunicatorAdmin.logtime(Ljava/lang/String;J)V+7 java.management@17.0.1
j  com.sun.jmx.remote.internal.ServerCommunicatorAdmin$Timeout.run()V+47 java.management@17.0.1
j  java.lang.Thread.run()V+11 java.base@17.0.1
v  ~StubRoutines::call_stub

siginfo: si_signo: 11 (SIGSEGV), si_code: 1 (SEGV_MAPERR), si_addr: 0x0000000000000000

Register to memory mapping:

RAX=0x0 is NULL
RBX=0x000000010e60ea60: _ZN23CompressedKlassPointers13_narrow_klassE+0 in /Users/eminebozkurt/Library/Java/JavaVirtualMachines/openjdk-17.0.1/Contents/Home/lib/server/libjvm.dylib at 0x000000010d9b5000
RCX=0x00007fb85a2d4400 is a thread
RDX=0x0 is NULL
RSP=0x000000030e5c3198 is pointing into the stack for thread: 0x00007fb85a2d4400
RBP=0x000000010e1b42fc: _ZN12MemAllocator10Allocation17notify_allocationEv+0x17c in /Users/eminebozkurt/Library/Java/JavaVirtualMachines/openjdk-17.0.1/Contents/Home/lib/server/libjvm.dylib at 0x000000010d9b5000
RSI=0x0000000000000028 is an unknown value
RDI=0x000000010e63fb70: _ZL21_last_allocated_bytes+0 in /Users/eminebozkurt/Library/Java/JavaVirtualMachines/openjdk-17.0.1/Contents/Home/lib/server/libjvm.dylib at 0x000000010d9b5000
R8 =0x0 is NULL
R9 =0x00007fb85a2d4400 is a thread
R10=0x000000010e671c50: _ZN19TemplateInterpreter20_invoke_return_entryE+0 in /Users/eminebozkurt/Library/Java/JavaVirtualMachines/openjdk-17.0.1/Contents/Home/lib/server/libjvm.dylib at 0x000000010d9b5000
R11=0x0000000117aa3ec0 is at entry_point+0 in (nmethod*)0x0000000117aa3d10
R12=0x0 is NULL
R13=0x000000030e5c37d8 is pointing into the stack for thread: 0x00007fb85a2d4400
R14=0x000000030e5c31d0 is pointing into the stack for thread: 0x00007fb85a2d4400
R15=0x00007fb85a2d4400 is a thread


Registers:
RAX=0x0000000000000000, RBX=0x000000010e60ea60, RCX=0x00007fb85a2d4400, RDX=0x0000000000000000
RSP=0x000000030e5c3198, RBP=0x000000010e1b42fc, RSI=0x0000000000000028, RDI=0x000000010e63fb70
R8 =0x0000000000000000, R9 =0x00007fb85a2d4400, R10=0x000000010e671c50, R11=0x0000000117aa3ec0
R12=0x0000000000000000, R13=0x000000030e5c37d8, R14=0x000000030e5c31d0, R15=0x00007fb85a2d4400
RIP=0x0000000000000000, EFLAGS=0x0000000000000202, ERR=0x0000000000000004
  TRAPNO=0x000000000000000e

Top of Stack: (sp=0x000000030e5c3198)
0x000000030e5c3198:   000000030e5c3228 0000000000000000
0x000000030e5c31a8:   000000030e5c37d8 00007fb85a2d4400
0x000000030e5c31b8:   00007fb85a2d4400 000000030e5c3210
0x000000030e5c31c8:   000000010e1b47bf 000000030e5c3228
0x000000030e5c31d8:   00007fb85a2d4400 000000030e5c3200
0x000000030e5c31e8:   0000000000000000 0000000000009379
0x000000030e5c31f8:   0000000000000000 0000000785980800
0x000000030e5c3208:   0000000000000015 000000030e5c3250
0x000000030e5c3218:   000000010dcbe3b6 000000030e5c3250
0x000000030e5c3228:   000000010e5fa2c0 00007fb85a2d4400
0x000000030e5c3238:   0000000800006328 0000000000000005
0x000000030e5c3248:   00007f0100000015 000000030e5c3270
0x000000030e5c3258:   000000010dc0f002 0000000000000015
0x000000030e5c3268:   000000030e5c3860 000000030e5c36f0
0x000000030e5c3278:   00000001179dde63 0000000000000000
0x000000030e5c3288:   0000000000000000 0000002000000020
0x000000030e5c3298:   0000000800000008 0000000400000004
0x000000030e5c32a8:   0000000200000002 0000000100000001
0x000000030e5c32b8:   0000000300000003 0000000300000003
0x000000030e5c32c8:   0000000000000000 0000000000000000
0x000000030e5c32d8:   0000000000000000 0000000000000000
0x000000030e5c32e8:   0000000000000000 0000000000000000
0x000000030e5c32f8:   0000000000000000 0000000000000000
0x000000030e5c3308:   0000000000000000 0000000000000000
0x000000030e5c3318:   0000000000000000 0000000000000000
0x000000030e5c3328:   0000000000000000 0000000000000000
0x000000030e5c3338:   0000000000000000 0000000000000000
0x000000030e5c3348:   0000000000000000 0000000000000000
0x000000030e5c3358:   0000000000000000 0000000000000000
0x000000030e5c3368:   0000000000000000 0000000000000000
0x000000030e5c3378:   0000000000000000 0000000000000000
0x000000030e5c3388:   0000000000000000 0000000000000000 

Instructions: (pc=0x0000000000000000)
0xffffffffffffff00:   


Stack slot to memory mapping:
stack at sp + 0 slots: 0x000000030e5c3228 is pointing into the stack for thread: 0x00007fb85a2d4400
stack at sp + 1 slots: 0x0 is NULL
stack at sp + 2 slots: 0x000000030e5c37d8 is pointing into the stack for thread: 0x00007fb85a2d4400
stack at sp + 3 slots: 0x00007fb85a2d4400 is a thread
stack at sp + 4 slots: 0x00007fb85a2d4400 is a thread
stack at sp + 5 slots: 0x000000030e5c3210 is pointing into the stack for thread: 0x00007fb85a2d4400
stack at sp + 6 slots: 0x000000010e1b47bf: _ZNK12MemAllocator8allocateEv+0xef in /Users/eminebozkurt/Library/Java/JavaVirtualMachines/openjdk-17.0.1/Contents/Home/lib/server/libjvm.dylib at 0x000000010d9b5000
stack at sp + 7 slots: 0x000000030e5c3228 is pointing into the stack for thread: 0x00007fb85a2d4400


---------------  P R O C E S S  ---------------

Threads class SMR info:
_java_thread_list=0x00006000035efe60, length=18, elements={
0x00007fb85a00a800, 0x00007fb85a047600, 0x00007fb85b00aa00, 0x00007fb859008c00,
0x00007fb859009200, 0x00007fb859011e00, 0x00007fb8598a0a00, 0x00007fb85980a400,
0x00007fb85a04f600, 0x00007fb85b00c000, 0x00007fb859914a00, 0x00007fb859a5da00,
0x00007fb859a7ec00, 0x00007fb85a11c600, 0x00007fb85a01a800, 0x00007fb85a2c1200,
0x00007fb85b1fa000, 0x00007fb85a2d4400
}

Java Threads: ( => current thread )
  0x00007fb85a00a800 JavaThread "main" [_thread_blocked, id=8451, stack(0x000000030c75a000,0x000000030c85a000)]
  0x00007fb85a047600 JavaThread "Reference Handler" daemon [_thread_blocked, id=43079, stack(0x000000030ce6f000,0x000000030cf6f000)]
  0x00007fb85b00aa00 JavaThread "Finalizer" daemon [_thread_blocked, id=42755, stack(0x000000030cf72000,0x000000030d072000)]
  0x00007fb859008c00 JavaThread "Signal Dispatcher" daemon [_thread_blocked, id=24835, stack(0x000000030d20b000,0x000000030d30b000)]
  0x00007fb859009200 JavaThread "Service Thread" daemon [_thread_blocked, id=25091, stack(0x000000030d30e000,0x000000030d40e000)]
  0x00007fb859011e00 JavaThread "Monitor Deflation Thread" daemon [_thread_blocked, id=25347, stack(0x000000030d411000,0x000000030d511000)]
  0x00007fb8598a0a00 JavaThread "C1 CompilerThread0" daemon [_thread_blocked, id=39683, stack(0x000000030d514000,0x000000030d614000)]
  0x00007fb85980a400 JavaThread "Sweeper thread" daemon [_thread_blocked, id=39427, stack(0x000000030d617000,0x000000030d717000)]
  0x00007fb85a04f600 JavaThread "Common-Cleaner" daemon [_thread_blocked, id=26635, stack(0x000000030d71a000,0x000000030d81a000)]
  0x00007fb85b00c000 JavaThread "Monitor Ctrl-Break" daemon [_thread_in_native, id=27719, stack(0x000000030d81d000,0x000000030d91d000)]
  0x00007fb859914a00 JavaThread "Notification Thread" daemon [_thread_blocked, id=38419, stack(0x000000030d9a3000,0x000000030daa3000)]
  0x00007fb859a5da00 JavaThread "RMI TCP Accept-0" daemon [_thread_in_native, id=29187, stack(0x000000030daa6000,0x000000030dba6000)]
  0x00007fb859a7ec00 JavaThread "Thread-0" [_thread_blocked, id=31663, stack(0x000000030dfb5000,0x000000030e0b5000)]
  0x00007fb85a11c600 JavaThread "restartedMain" [_thread_in_vm, id=35079, stack(0x000000030e0b8000,0x000000030e1b8000)]
  0x00007fb85a01a800 JavaThread "Attach Listener" daemon [_thread_blocked, id=32535, stack(0x000000030e1bb000,0x000000030e2bb000)]
  0x00007fb85a2c1200 JavaThread "RMI TCP Connection(1)-192.168.0.176" daemon [_thread_in_native, id=33135, stack(0x000000030e2be000,0x000000030e3be000)]
  0x00007fb85b1fa000 JavaThread "RMI Scheduler(0)" daemon [_thread_blocked, id=33871, stack(0x000000030e3c1000,0x000000030e4c1000)]
=>0x00007fb85a2d4400 JavaThread "JMX server connection timeout 28" daemon [_thread_in_vm, id=86427, stack(0x000000030e4c4000,0x000000030e5c4000)]

Other Threads:
  0x00007fb85a809150 VMThread "VM Thread" [stack: 0x000000030cd6c000,0x000000030ce6c000] [id=43267]
  0x00007fb85aa40860 WatcherThread [stack: 0x000000030dba9000,0x000000030dca9000] [id=29487]
  0x00007fb85aa06110 GCTaskThread "GC Thread#0" [stack: 0x000000030c85d000,0x000000030c95d000] [id=19203]
  0x00007fb85aa4a2e0 GCTaskThread "GC Thread#1" [stack: 0x000000030dcac000,0x000000030ddac000] [id=36379]
  0x00007fb858fd3bd0 GCTaskThread "GC Thread#2" [stack: 0x000000030ddaf000,0x000000030deaf000] [id=36099]
  0x00007fb858fd44f0 GCTaskThread "GC Thread#3" [stack: 0x000000030deb2000,0x000000030dfb2000] [id=31183]
  0x00007fb858fee4b0 GCTaskThread "GC Thread#4" [stack: 0x000000030e5c7000,0x000000030e6c7000] [id=86171]
  0x00007fb858fee880 GCTaskThread "GC Thread#5" [stack: 0x000000030e6ca000,0x000000030e7ca000] [id=44547]
  0x00007fb858feecf0 GCTaskThread "GC Thread#6" [stack: 0x000000030e7cd000,0x000000030e8cd000] [id=45059]
  0x00007fb858fef550 GCTaskThread "GC Thread#7" [stack: 0x000000030e8d0000,0x000000030e9d0000] [id=85507]
  0x00007fb85aa067b0 ConcurrentGCThread "G1 Main Marker" [stack: 0x000000030c960000,0x000000030ca60000] [id=18947]
  0x00007fb85aa07030 ConcurrentGCThread "G1 Conc#0" [stack: 0x000000030ca63000,0x000000030cb63000] [id=15363]
  0x00007fb85aa09890 ConcurrentGCThread "G1 Refine#0" [stack: 0x000000030cb66000,0x000000030cc66000] [id=18691]
  0x00007fb85aa0a120 ConcurrentGCThread "G1 Service" [stack: 0x000000030cc69000,0x000000030cd69000] [id=16131]

Threads with active compile tasks:

VM state: not at safepoint (normal execution)

VM Mutex/Monitor currently owned by a thread: None

Heap address: 0x0000000780000000, size: 2048 MB, Compressed Oops mode: Zero based, Oop shift amount: 3

CDS archive(s) mapped at: [0x0000000800000000-0x0000000800bd4000-0x0000000800bd4000), size 12402688, SharedBaseAddress: 0x0000000800000000, ArchiveRelocationMode: 0.
Compressed class space mapped at: 0x0000000800c00000-0x0000000840c00000, reserved size: 1073741824
Narrow klass base: 0x0000000800000000, Narrow klass shift: 0, Narrow klass range: 0x100000000

GC Precious Log:
 CPUs: 8 total, 8 available
 Memory: 8192M
 Large Page Support: Disabled
 NUMA Support: Disabled
 Compressed Oops: Enabled (Zero based)
 Heap Region Size: 1M
 Heap Min Capacity: 8M
 Heap Initial Capacity: 128M
 Heap Max Capacity: 2G
 Pre-touch: Disabled
 Parallel Workers: 8
 Concurrent Workers: 2
 Concurrent Refinement Workers: 8
 Periodic GC: Disabled

Heap:
 garbage-first heap   total 133120K, used 48877K [0x0000000780000000, 0x0000000800000000)
  region size 1024K, 43 young (44032K), 4 survivors (4096K)
 Metaspace       used 18381K, committed 18688K, reserved 1064960K
  class space    used 2477K, committed 2624K, reserved 1048576K

Heap Regions: E=young(eden), S=young(survivor), O=old, HS=humongous(starts), HC=humongous(continues), CS=collection set, F=free, OA=open archive, CA=closed archive, TAMS=top-at-mark-start (previous, next)
|   0|0x0000000780000000, 0x0000000780100000, 0x0000000780100000|100%|HS|  |TAMS 0x0000000780000000, 0x0000000780000000| Complete 
|   1|0x0000000780100000, 0x0000000780200000, 0x0000000780200000|100%| O|  |TAMS 0x0000000780100000, 0x0000000780100000| Untracked 
|   2|0x0000000780200000, 0x0000000780300000, 0x0000000780300000|100%| O|  |TAMS 0x0000000780200000, 0x0000000780200000| Untracked 
|   3|0x0000000780300000, 0x0000000780400000, 0x0000000780400000|100%| O|  |TAMS 0x0000000780300000, 0x0000000780300000| Untracked 
|   4|0x0000000780400000, 0x0000000780500000, 0x0000000780500000|100%| O|  |TAMS 0x0000000780400000, 0x0000000780400000| Untracked 
|   5|0x0000000780500000, 0x0000000780600000, 0x0000000780600000|100%| O|  |TAMS 0x0000000780500000, 0x0000000780500000| Untracked 
|   6|0x0000000780600000, 0x0000000780696600, 0x0000000780700000| 58%| O|  |TAMS 0x0000000780600000, 0x0000000780600000| Untracked 
|   7|0x0000000780700000, 0x0000000780700000, 0x0000000780800000|  0%| F|  |TAMS 0x0000000780700000, 0x0000000780700000| Untracked 
|   8|0x0000000780800000, 0x0000000780800000, 0x0000000780900000|  0%| F|  |TAMS 0x0000000780800000, 0x0000000780800000| Untracked 
|   9|0x0000000780900000, 0x0000000780900000, 0x0000000780a00000|  0%| F|  |TAMS 0x0000000780900000, 0x0000000780900000| Untracked 
|  10|0x0000000780a00000, 0x0000000780a00000, 0x0000000780b00000|  0%| F|  |TAMS 0x0000000780a00000, 0x0000000780a00000| Untracked 
|  11|0x0000000780b00000, 0x0000000780b00000, 0x0000000780c00000|  0%| F|  |TAMS 0x0000000780b00000, 0x0000000780b00000| Untracked 
|  12|0x0000000780c00000, 0x0000000780c00000, 0x0000000780d00000|  0%| F|  |TAMS 0x0000000780c00000, 0x0000000780c00000| Untracked 
|  13|0x0000000780d00000, 0x0000000780d00000, 0x0000000780e00000|  0%| F|  |TAMS 0x0000000780d00000, 0x0000000780d00000| Untracked 
|  14|0x0000000780e00000, 0x0000000780e00000, 0x0000000780f00000|  0%| F|  |TAMS 0x0000000780e00000, 0x0000000780e00000| Untracked 
|  15|0x0000000780f00000, 0x0000000780f00000, 0x0000000781000000|  0%| F|  |TAMS 0x0000000780f00000, 0x0000000780f00000| Untracked 
|  16|0x0000000781000000, 0x0000000781000000, 0x0000000781100000|  0%| F|  |TAMS 0x0000000781000000, 0x0000000781000000| Untracked 
|  17|0x0000000781100000, 0x0000000781100000, 0x0000000781200000|  0%| F|  |TAMS 0x0000000781100000, 0x0000000781100000| Untracked 
|  18|0x0000000781200000, 0x0000000781200000, 0x0000000781300000|  0%| F|  |TAMS 0x0000000781200000, 0x0000000781200000| Untracked 
|  19|0x0000000781300000, 0x0000000781300000, 0x0000000781400000|  0%| F|  |TAMS 0x0000000781300000, 0x0000000781300000| Untracked 
|  20|0x0000000781400000, 0x0000000781400000, 0x0000000781500000|  0%| F|  |TAMS 0x0000000781400000, 0x0000000781400000| Untracked 
|  21|0x0000000781500000, 0x0000000781500000, 0x0000000781600000|  0%| F|  |TAMS 0x0000000781500000, 0x0000000781500000| Untracked 
|  22|0x0000000781600000, 0x0000000781600000, 0x0000000781700000|  0%| F|  |TAMS 0x0000000781600000, 0x0000000781600000| Untracked 
|  23|0x0000000781700000, 0x0000000781700000, 0x0000000781800000|  0%| F|  |TAMS 0x0000000781700000, 0x0000000781700000| Untracked 
|  24|0x0000000781800000, 0x0000000781800000, 0x0000000781900000|  0%| F|  |TAMS 0x0000000781800000, 0x0000000781800000| Untracked 
|  25|0x0000000781900000, 0x0000000781900000, 0x0000000781a00000|  0%| F|  |TAMS 0x0000000781900000, 0x0000000781900000| Untracked 
|  26|0x0000000781a00000, 0x0000000781a00000, 0x0000000781b00000|  0%| F|  |TAMS 0x0000000781a00000, 0x0000000781a00000| Untracked 
|  27|0x0000000781b00000, 0x0000000781b00000, 0x0000000781c00000|  0%| F|  |TAMS 0x0000000781b00000, 0x0000000781b00000| Untracked 
|  28|0x0000000781c00000, 0x0000000781c00000, 0x0000000781d00000|  0%| F|  |TAMS 0x0000000781c00000, 0x0000000781c00000| Untracked 
|  29|0x0000000781d00000, 0x0000000781d00000, 0x0000000781e00000|  0%| F|  |TAMS 0x0000000781d00000, 0x0000000781d00000| Untracked 
|  30|0x0000000781e00000, 0x0000000781e00000, 0x0000000781f00000|  0%| F|  |TAMS 0x0000000781e00000, 0x0000000781e00000| Untracked 
|  31|0x0000000781f00000, 0x0000000781f00000, 0x0000000782000000|  0%| F|  |TAMS 0x0000000781f00000, 0x0000000781f00000| Untracked 
|  32|0x0000000782000000, 0x0000000782000000, 0x0000000782100000|  0%| F|  |TAMS 0x0000000782000000, 0x0000000782000000| Untracked 
|  33|0x0000000782100000, 0x0000000782100000, 0x0000000782200000|  0%| F|  |TAMS 0x0000000782100000, 0x0000000782100000| Untracked 
|  34|0x0000000782200000, 0x0000000782200000, 0x0000000782300000|  0%| F|  |TAMS 0x0000000782200000, 0x0000000782200000| Untracked 
|  35|0x0000000782300000, 0x0000000782300000, 0x0000000782400000|  0%| F|  |TAMS 0x0000000782300000, 0x0000000782300000| Untracked 
|  36|0x0000000782400000, 0x0000000782400000, 0x0000000782500000|  0%| F|  |TAMS 0x0000000782400000, 0x0000000782400000| Untracked 
|  37|0x0000000782500000, 0x0000000782500000, 0x0000000782600000|  0%| F|  |TAMS 0x0000000782500000, 0x0000000782500000| Untracked 
|  38|0x0000000782600000, 0x0000000782600000, 0x0000000782700000|  0%| F|  |TAMS 0x0000000782600000, 0x0000000782600000| Untracked 
|  39|0x0000000782700000, 0x0000000782700000, 0x0000000782800000|  0%| F|  |TAMS 0x0000000782700000, 0x0000000782700000| Untracked 
|  40|0x0000000782800000, 0x0000000782800000, 0x0000000782900000|  0%| F|  |TAMS 0x0000000782800000, 0x0000000782800000| Untracked 
|  41|0x0000000782900000, 0x0000000782900000, 0x0000000782a00000|  0%| F|  |TAMS 0x0000000782900000, 0x0000000782900000| Untracked 
|  42|0x0000000782a00000, 0x0000000782a00000, 0x0000000782b00000|  0%| F|  |TAMS 0x0000000782a00000, 0x0000000782a00000| Untracked 
|  43|0x0000000782b00000, 0x0000000782b00000, 0x0000000782c00000|  0%| F|  |TAMS 0x0000000782b00000, 0x0000000782b00000| Untracked 
|  44|0x0000000782c00000, 0x0000000782c00000, 0x0000000782d00000|  0%| F|  |TAMS 0x0000000782c00000, 0x0000000782c00000| Untracked 
|  45|0x0000000782d00000, 0x0000000782d00000, 0x0000000782e00000|  0%| F|  |TAMS 0x0000000782d00000, 0x0000000782d00000| Untracked 
|  46|0x0000000782e00000, 0x0000000782e00000, 0x0000000782f00000|  0%| F|  |TAMS 0x0000000782e00000, 0x0000000782e00000| Untracked 
|  47|0x0000000782f00000, 0x0000000782f00000, 0x0000000783000000|  0%| F|  |TAMS 0x0000000782f00000, 0x0000000782f00000| Untracked 
|  48|0x0000000783000000, 0x0000000783030168, 0x0000000783100000| 18%| S|CS|TAMS 0x0000000783000000, 0x0000000783000000| Complete 
|  49|0x0000000783100000, 0x0000000783200000, 0x0000000783200000|100%| S|CS|TAMS 0x0000000783100000, 0x0000000783100000| Complete 
|  50|0x0000000783200000, 0x0000000783300000, 0x0000000783300000|100%| S|CS|TAMS 0x0000000783200000, 0x0000000783200000| Complete 
|  51|0x0000000783300000, 0x0000000783400000, 0x0000000783400000|100%| S|CS|TAMS 0x0000000783300000, 0x0000000783300000| Complete 
|  52|0x0000000783400000, 0x0000000783400000, 0x0000000783500000|  0%| F|  |TAMS 0x0000000783400000, 0x0000000783400000| Untracked 
|  53|0x0000000783500000, 0x0000000783500000, 0x0000000783600000|  0%| F|  |TAMS 0x0000000783500000, 0x0000000783500000| Untracked 
|  54|0x0000000783600000, 0x0000000783600000, 0x0000000783700000|  0%| F|  |TAMS 0x0000000783600000, 0x0000000783600000| Untracked 
|  55|0x0000000783700000, 0x0000000783700000, 0x0000000783800000|  0%| F|  |TAMS 0x0000000783700000, 0x0000000783700000| Untracked 
|  56|0x0000000783800000, 0x0000000783800000, 0x0000000783900000|  0%| F|  |TAMS 0x0000000783800000, 0x0000000783800000| Untracked 
|  57|0x0000000783900000, 0x0000000783900000, 0x0000000783a00000|  0%| F|  |TAMS 0x0000000783900000, 0x0000000783900000| Untracked 
|  58|0x0000000783a00000, 0x0000000783a00000, 0x0000000783b00000|  0%| F|  |TAMS 0x0000000783a00000, 0x0000000783a00000| Untracked 
|  59|0x0000000783b00000, 0x0000000783b00000, 0x0000000783c00000|  0%| F|  |TAMS 0x0000000783b00000, 0x0000000783b00000| Untracked 
|  60|0x0000000783c00000, 0x0000000783c00000, 0x0000000783d00000|  0%| F|  |TAMS 0x0000000783c00000, 0x0000000783c00000| Untracked 
|  61|0x0000000783d00000, 0x0000000783d00000, 0x0000000783e00000|  0%| F|  |TAMS 0x0000000783d00000, 0x0000000783d00000| Untracked 
|  62|0x0000000783e00000, 0x0000000783e00000, 0x0000000783f00000|  0%| F|  |TAMS 0x0000000783e00000, 0x0000000783e00000| Untracked 
|  63|0x0000000783f00000, 0x0000000783f00000, 0x0000000784000000|  0%| F|  |TAMS 0x0000000783f00000, 0x0000000783f00000| Untracked 
|  64|0x0000000784000000, 0x0000000784000000, 0x0000000784100000|  0%| F|  |TAMS 0x0000000784000000, 0x0000000784000000| Untracked 
|  65|0x0000000784100000, 0x0000000784100000, 0x0000000784200000|  0%| F|  |TAMS 0x0000000784100000, 0x0000000784100000| Untracked 
|  66|0x0000000784200000, 0x0000000784200000, 0x0000000784300000|  0%| F|  |TAMS 0x0000000784200000, 0x0000000784200000| Untracked 
|  67|0x0000000784300000, 0x0000000784300000, 0x0000000784400000|  0%| F|  |TAMS 0x0000000784300000, 0x0000000784300000| Untracked 
|  68|0x0000000784400000, 0x0000000784400000, 0x0000000784500000|  0%| F|  |TAMS 0x0000000784400000, 0x0000000784400000| Untracked 
|  69|0x0000000784500000, 0x0000000784500000, 0x0000000784600000|  0%| F|  |TAMS 0x0000000784500000, 0x0000000784500000| Untracked 
|  70|0x0000000784600000, 0x0000000784600000, 0x0000000784700000|  0%| F|  |TAMS 0x0000000784600000, 0x0000000784600000| Untracked 
|  71|0x0000000784700000, 0x0000000784700000, 0x0000000784800000|  0%| F|  |TAMS 0x0000000784700000, 0x0000000784700000| Untracked 
|  72|0x0000000784800000, 0x0000000784800000, 0x0000000784900000|  0%| F|  |TAMS 0x0000000784800000, 0x0000000784800000| Untracked 
|  73|0x0000000784900000, 0x0000000784900000, 0x0000000784a00000|  0%| F|  |TAMS 0x0000000784900000, 0x0000000784900000| Untracked 
|  74|0x0000000784a00000, 0x0000000784a00000, 0x0000000784b00000|  0%| F|  |TAMS 0x0000000784a00000, 0x0000000784a00000| Untracked 
|  75|0x0000000784b00000, 0x0000000784b00000, 0x0000000784c00000|  0%| F|  |TAMS 0x0000000784b00000, 0x0000000784b00000| Untracked 
|  76|0x0000000784c00000, 0x0000000784c00000, 0x0000000784d00000|  0%| F|  |TAMS 0x0000000784c00000, 0x0000000784c00000| Untracked 
|  77|0x0000000784d00000, 0x0000000784d00000, 0x0000000784e00000|  0%| F|  |TAMS 0x0000000784d00000, 0x0000000784d00000| Untracked 
|  78|0x0000000784e00000, 0x0000000784e00000, 0x0000000784f00000|  0%| F|  |TAMS 0x0000000784e00000, 0x0000000784e00000| Untracked 
|  79|0x0000000784f00000, 0x0000000784f00000, 0x0000000785000000|  0%| F|  |TAMS 0x0000000784f00000, 0x0000000784f00000| Untracked 
|  80|0x0000000785000000, 0x0000000785000000, 0x0000000785100000|  0%| F|  |TAMS 0x0000000785000000, 0x0000000785000000| Untracked 
|  81|0x0000000785100000, 0x0000000785100000, 0x0000000785200000|  0%| F|  |TAMS 0x0000000785100000, 0x0000000785100000| Untracked 
|  82|0x0000000785200000, 0x0000000785200000, 0x0000000785300000|  0%| F|  |TAMS 0x0000000785200000, 0x0000000785200000| Untracked 
|  83|0x0000000785300000, 0x0000000785300000, 0x0000000785400000|  0%| F|  |TAMS 0x0000000785300000, 0x0000000785300000| Untracked 
|  84|0x0000000785400000, 0x0000000785400000, 0x0000000785500000|  0%| F|  |TAMS 0x0000000785400000, 0x0000000785400000| Untracked 
|  85|0x0000000785500000, 0x0000000785500000, 0x0000000785600000|  0%| F|  |TAMS 0x0000000785500000, 0x0000000785500000| Untracked 
|  86|0x0000000785600000, 0x0000000785600000, 0x0000000785700000|  0%| F|  |TAMS 0x0000000785600000, 0x0000000785600000| Untracked 
|  87|0x0000000785700000, 0x0000000785700000, 0x0000000785800000|  0%| F|  |TAMS 0x0000000785700000, 0x0000000785700000| Untracked 
|  88|0x0000000785800000, 0x0000000785800000, 0x0000000785900000|  0%| F|  |TAMS 0x0000000785800000, 0x0000000785800000| Untracked 
|  89|0x0000000785900000, 0x0000000785a00000, 0x0000000785a00000|100%| E|  |TAMS 0x0000000785900000, 0x0000000785900000| Complete 
|  90|0x0000000785a00000, 0x0000000785b00000, 0x0000000785b00000|100%| E|CS|TAMS 0x0000000785a00000, 0x0000000785a00000| Complete 
|  91|0x0000000785b00000, 0x0000000785c00000, 0x0000000785c00000|100%| E|CS|TAMS 0x0000000785b00000, 0x0000000785b00000| Complete 
|  92|0x0000000785c00000, 0x0000000785d00000, 0x0000000785d00000|100%| E|CS|TAMS 0x0000000785c00000, 0x0000000785c00000| Complete 
|  93|0x0000000785d00000, 0x0000000785e00000, 0x0000000785e00000|100%| E|CS|TAMS 0x0000000785d00000, 0x0000000785d00000| Complete 
|  94|0x0000000785e00000, 0x0000000785f00000, 0x0000000785f00000|100%| E|CS|TAMS 0x0000000785e00000, 0x0000000785e00000| Complete 
|  95|0x0000000785f00000, 0x0000000786000000, 0x0000000786000000|100%| E|CS|TAMS 0x0000000785f00000, 0x0000000785f00000| Complete 
|  96|0x0000000786000000, 0x0000000786100000, 0x0000000786100000|100%| E|CS|TAMS 0x0000000786000000, 0x0000000786000000| Complete 
|  97|0x0000000786100000, 0x0000000786200000, 0x0000000786200000|100%| E|CS|TAMS 0x0000000786100000, 0x0000000786100000| Complete 
|  98|0x0000000786200000, 0x0000000786300000, 0x0000000786300000|100%| E|CS|TAMS 0x0000000786200000, 0x0000000786200000| Complete 
|  99|0x0000000786300000, 0x0000000786400000, 0x0000000786400000|100%| E|CS|TAMS 0x0000000786300000, 0x0000000786300000| Complete 
| 100|0x0000000786400000, 0x0000000786500000, 0x0000000786500000|100%| E|CS|TAMS 0x0000000786400000, 0x0000000786400000| Complete 
| 101|0x0000000786500000, 0x0000000786600000, 0x0000000786600000|100%| E|CS|TAMS 0x0000000786500000, 0x0000000786500000| Complete 
| 102|0x0000000786600000, 0x0000000786700000, 0x0000000786700000|100%| E|CS|TAMS 0x0000000786600000, 0x0000000786600000| Complete 
| 103|0x0000000786700000, 0x0000000786800000, 0x0000000786800000|100%| E|CS|TAMS 0x0000000786700000, 0x0000000786700000| Complete 
| 104|0x0000000786800000, 0x0000000786900000, 0x0000000786900000|100%| E|CS|TAMS 0x0000000786800000, 0x0000000786800000| Complete 
| 105|0x0000000786900000, 0x0000000786a00000, 0x0000000786a00000|100%| E|CS|TAMS 0x0000000786900000, 0x0000000786900000| Complete 
| 106|0x0000000786a00000, 0x0000000786b00000, 0x0000000786b00000|100%| E|CS|TAMS 0x0000000786a00000, 0x0000000786a00000| Complete 
| 107|0x0000000786b00000, 0x0000000786c00000, 0x0000000786c00000|100%| E|CS|TAMS 0x0000000786b00000, 0x0000000786b00000| Complete 
| 108|0x0000000786c00000, 0x0000000786d00000, 0x0000000786d00000|100%| E|CS|TAMS 0x0000000786c00000, 0x0000000786c00000| Complete 
| 109|0x0000000786d00000, 0x0000000786e00000, 0x0000000786e00000|100%| E|CS|TAMS 0x0000000786d00000, 0x0000000786d00000| Complete 
| 110|0x0000000786e00000, 0x0000000786f00000, 0x0000000786f00000|100%| E|CS|TAMS 0x0000000786e00000, 0x0000000786e00000| Complete 
| 111|0x0000000786f00000, 0x0000000787000000, 0x0000000787000000|100%| E|CS|TAMS 0x0000000786f00000, 0x0000000786f00000| Complete 
| 112|0x0000000787000000, 0x0000000787100000, 0x0000000787100000|100%| E|CS|TAMS 0x0000000787000000, 0x0000000787000000| Complete 
| 113|0x0000000787100000, 0x0000000787200000, 0x0000000787200000|100%| E|CS|TAMS 0x0000000787100000, 0x0000000787100000| Complete 
| 114|0x0000000787200000, 0x0000000787300000, 0x0000000787300000|100%| E|CS|TAMS 0x0000000787200000, 0x0000000787200000| Complete 
| 115|0x0000000787300000, 0x0000000787400000, 0x0000000787400000|100%| E|CS|TAMS 0x0000000787300000, 0x0000000787300000| Complete 
| 116|0x0000000787400000, 0x0000000787500000, 0x0000000787500000|100%| E|CS|TAMS 0x0000000787400000, 0x0000000787400000| Complete 
| 117|0x0000000787500000, 0x0000000787600000, 0x0000000787600000|100%| E|CS|TAMS 0x0000000787500000, 0x0000000787500000| Complete 
| 118|0x0000000787600000, 0x0000000787700000, 0x0000000787700000|100%| E|CS|TAMS 0x0000000787600000, 0x0000000787600000| Complete 
| 119|0x0000000787700000, 0x0000000787800000, 0x0000000787800000|100%| E|  |TAMS 0x0000000787700000, 0x0000000787700000| Complete 
| 120|0x0000000787800000, 0x0000000787900000, 0x0000000787900000|100%| E|CS|TAMS 0x0000000787800000, 0x0000000787800000| Complete 
| 121|0x0000000787900000, 0x0000000787a00000, 0x0000000787a00000|100%| E|CS|TAMS 0x0000000787900000, 0x0000000787900000| Complete 
| 122|0x0000000787a00000, 0x0000000787b00000, 0x0000000787b00000|100%| E|CS|TAMS 0x0000000787a00000, 0x0000000787a00000| Complete 
| 123|0x0000000787b00000, 0x0000000787c00000, 0x0000000787c00000|100%| E|CS|TAMS 0x0000000787b00000, 0x0000000787b00000| Complete 
| 124|0x0000000787c00000, 0x0000000787d00000, 0x0000000787d00000|100%| E|CS|TAMS 0x0000000787c00000, 0x0000000787c00000| Complete 
| 125|0x0000000787d00000, 0x0000000787e00000, 0x0000000787e00000|100%| E|CS|TAMS 0x0000000787d00000, 0x0000000787d00000| Complete 
| 126|0x0000000787e00000, 0x0000000787f00000, 0x0000000787f00000|100%| E|CS|TAMS 0x0000000787e00000, 0x0000000787e00000| Complete 
| 127|0x0000000787f00000, 0x0000000788000000, 0x0000000788000000|100%| E|CS|TAMS 0x0000000787f00000, 0x0000000787f00000| Complete 
|2046|0x00000007ffe00000, 0x00000007ffe76000, 0x00000007fff00000| 46%|OA|  |TAMS 0x00000007ffe00000, 0x00000007ffe00000| Untracked 
|2047|0x00000007fff00000, 0x00000007fff7f000, 0x0000000800000000| 49%|CA|  |TAMS 0x00000007fff00000, 0x00000007fff00000| Untracked 

Card table byte_map: [0x000000011aced000,0x000000011b0ed000] _byte_map_base: 0x00000001170ed000

Marking Bits (Prev, Next): (CMBitMap*) 0x00007fb85982f810, (CMBitMap*) 0x00007fb85982f850
 Prev Bits: [0x000000011b4ed000, 0x000000011d4ed000)
 Next Bits: [0x000000011d4ed000, 0x000000011f4ed000)

Polling page: 0x00000001042ff000

Metaspace:

Usage:
  Non-class:     15.53 MB used.
      Class:      2.42 MB used.
       Both:     17.95 MB used.

Virtual space:
  Non-class space:       16.00 MB reserved,      15.69 MB ( 98%) committed,  2 nodes.
      Class space:        1.00 GB reserved,       2.56 MB ( <1%) committed,  1 nodes.
             Both:        1.02 GB reserved,      18.25 MB (  2%) committed. 

Chunk freelists:
   Non-Class:  98.00 KB
       Class:  1.47 MB
        Both:  1.56 MB

MaxMetaspaceSize: unlimited
CompressedClassSpaceSize: 1.00 GB
Initial GC threshold: 21.00 MB
Current GC threshold: 21.00 MB
CDS: on
MetaspaceReclaimPolicy: balanced
 - commit_granule_bytes: 65536.
 - commit_granule_words: 8192.
 - virtual_space_node_default_size: 1048576.
 - enlarge_chunks_in_place: 1.
 - new_chunks_are_fully_committed: 0.
 - uncommit_free_chunks: 1.
 - use_allocation_guard: 0.
 - handle_deallocations: 1.


Internal statistics:

num_allocs_failed_limit: 0.
num_arena_births: 322.
num_arena_deaths: 0.
num_vsnodes_births: 3.
num_vsnodes_deaths: 0.
num_space_committed: 292.
num_space_uncommitted: 0.
num_chunks_returned_to_freelist: 0.
num_chunks_taken_from_freelist: 921.
num_chunk_merges: 0.
num_chunk_splits: 585.
num_chunks_enlarged: 404.
num_purges: 0.
num_inconsistent_stats: 0.

CodeCache: size=49152Kb used=6605Kb max_used=6605Kb free=42546Kb
 bounds [0x00000001178ed000, 0x0000000117f6d000, 0x000000011a8ed000]
 total_blobs=3334 nmethods=2864 adapters=399
 compilation: enabled
              stopped_count=0, restarted_count=0
 full_count=0

Compilation events (20 events):
Event: 3.386 Thread 0x00007fb8598a0a00 2850       1       org.springframework.util.AntPathMatcher::skipSegment (75 bytes)
Event: 3.387 Thread 0x00007fb8598a0a00 nmethod 2850 0x0000000117f5b490 code [0x0000000117f5b680, 0x0000000117f5bb20]
Event: 3.387 Thread 0x00007fb8598a0a00 2851       1       java.util.regex.Pattern$Slice::match (79 bytes)
Event: 3.387 Thread 0x00007fb8598a0a00 nmethod 2851 0x0000000117f5c210 code [0x0000000117f5c3e0, 0x0000000117f5c5f0]
Event: 3.387 Thread 0x00007fb8598a0a00 2852       1       java.lang.Character::codePointBefore (48 bytes)
Event: 3.387 Thread 0x00007fb8598a0a00 nmethod 2852 0x0000000117f5c890 code [0x0000000117f5ca40, 0x0000000117f5cc10]
Event: 3.387 Thread 0x00007fb8598a0a00 2853       1       java.lang.Character::isLowSurrogate (18 bytes)
Event: 3.387 Thread 0x00007fb8598a0a00 nmethod 2853 0x0000000117f5ce10 code [0x0000000117f5cfa0, 0x0000000117f5d070]
Event: 3.391 Thread 0x00007fb8598a0a00 2854       1       java.lang.Thread::getContextClassLoader (32 bytes)
Event: 3.391 Thread 0x00007fb8598a0a00 nmethod 2854 0x0000000117f5d110 code [0x0000000117f5d2e0, 0x0000000117f5d530]
Event: 3.398 Thread 0x00007fb8598a0a00 2855       1       java.lang.invoke.DirectMethodHandle::make (21 bytes)
Event: 3.399 Thread 0x00007fb8598a0a00 nmethod 2855 0x0000000117f5d910 code [0x0000000117f5dac0, 0x0000000117f5dc30]
Event: 3.404 Thread 0x00007fb8598a0a00 2856       1       java.lang.Class::getTypeParameters (19 bytes)
Event: 3.404 Thread 0x00007fb8598a0a00 nmethod 2856 0x0000000117f5de10 code [0x0000000117f5dfe0, 0x0000000117f5e2a0]
Event: 3.404 Thread 0x00007fb8598a0a00 2857       1       org.springframework.core.ResolvableType::hashCode (22 bytes)
Event: 3.405 Thread 0x00007fb8598a0a00 nmethod 2857 0x0000000117f5e490 code [0x0000000117f5e640, 0x0000000117f5e740]
Event: 3.405 Thread 0x00007fb8598a0a00 2858       1       org.springframework.util.ConcurrentReferenceHashMap$Entry::getValue (5 bytes)
Event: 3.405 Thread 0x00007fb8598a0a00 nmethod 2858 0x0000000117f5e890 code [0x0000000117f5ea20, 0x0000000117f5eaf0]
Event: 3.406 Thread 0x00007fb8598a0a00 2859       1       org.springframework.util.ConcurrentReferenceHashMap$Entry::getKey (5 bytes)
Event: 3.406 Thread 0x00007fb8598a0a00 nmethod 2859 0x0000000117f5eb90 code [0x0000000117f5ed20, 0x0000000117f5edf0]

GC Heap History (6 events):
Event: 1.880 GC heap before
{Heap before GC invocations=0 (full 0):
 garbage-first heap   total 133120K, used 24532K [0x0000000780000000, 0x0000000800000000)
  region size 1024K, 23 young (23552K), 0 survivors (0K)
 Metaspace       used 6673K, committed 6848K, reserved 1056768K
  class space    used 812K, committed 896K, reserved 1048576K
}
Event: 1.904 GC heap after
{Heap after GC invocations=1 (full 0):
 garbage-first heap   total 133120K, used 7583K [0x0000000780000000, 0x0000000800000000)
  region size 1024K, 3 young (3072K), 3 survivors (3072K)
 Metaspace       used 6673K, committed 6848K, reserved 1056768K
  class space    used 812K, committed 896K, reserved 1048576K
}
Event: 1.932 GC heap before
{Heap before GC invocations=1 (full 0):
 garbage-first heap   total 133120K, used 36255K [0x0000000780000000, 0x0000000800000000)
  region size 1024K, 32 young (32768K), 3 survivors (3072K)
 Metaspace       used 6673K, committed 6848K, reserved 1056768K
  class space    used 812K, committed 896K, reserved 1048576K
}
Event: 1.935 GC heap after
{Heap after GC invocations=2 (full 0):
 garbage-first heap   total 133120K, used 7792K [0x0000000780000000, 0x0000000800000000)
  region size 1024K, 1 young (1024K), 1 survivors (1024K)
 Metaspace       used 6673K, committed 6848K, reserved 1056768K
  class space    used 812K, committed 896K, reserved 1048576K
}
Event: 2.675 GC heap before
{Heap before GC invocations=2 (full 0):
 garbage-first heap   total 133120K, used 83568K [0x0000000780000000, 0x0000000800000000)
  region size 1024K, 76 young (77824K), 1 survivors (1024K)
 Metaspace       used 15470K, committed 15744K, reserved 1064960K
  class space    used 2065K, committed 2176K, reserved 1048576K
}
Event: 2.683 GC heap after
{Heap after GC invocations=3 (full 0):
 garbage-first heap   total 133120K, used 10989K [0x0000000780000000, 0x0000000800000000)
  region size 1024K, 4 young (4096K), 4 survivors (4096K)
 Metaspace       used 15470K, committed 15744K, reserved 1064960K
  class space    used 2065K, committed 2176K, reserved 1048576K
}

Deoptimization events (6 events):
Event: 1.792 Thread 0x00007fb85a00a800 DEOPT PACKING pc=0x0000000117ab6701 sp=0x000000030c858070
Event: 1.795 Thread 0x00007fb85a00a800 DEOPT UNPACKING pc=0x000000011793f810 sp=0x000000030c8574e8 mode 3
Event: 2.466 Thread 0x00007fb85a11c600 DEOPT PACKING pc=0x0000000117d74d11 sp=0x000000030e1b54e0
Event: 2.466 Thread 0x00007fb85a11c600 DEOPT UNPACKING pc=0x000000011793f810 sp=0x000000030e1b49e0 mode 3
Event: 3.400 Thread 0x00007fb85a11c600 DEOPT PACKING pc=0x0000000117dabc64 sp=0x000000030e1b5e70
Event: 3.400 Thread 0x00007fb85a11c600 DEOPT UNPACKING pc=0x000000011793f810 sp=0x000000030e1b53e8 mode 0

Classes unloaded (0 events):
No events

Classes redefined (0 events):
No events

Internal exceptions (20 events):
Event: 2.489 Thread 0x00007fb859236200 Exception <a 'java/lang/IncompatibleClassChangeError'{0x0000000785621110}: Found class java.lang.Object, but interface was expected> (0x0000000785621110) 
thrown [open/src/hotspot/share/interpreter/linkResolver.cpp, line 833]
Event: 2.494 Thread 0x00007fb859236200 Exception <a 'java/lang/NoSuchMethodError'{0x00000007855188e0}: 'java.lang.Object java.lang.invoke.DirectMethodHandle$Holder.invokeVirtual(java.lang.Object, java.lang.Object, java.lang.Object, java.lang.Object)'> (0x00000007855188e0) 
thrown [open/src/hotspot/share/interpreter/linkResolver.cpp, line 766]
Event: 2.519 Thread 0x00007fb85a11c600 Exception <a 'java/lang/ClassNotFoundException'{0x0000000785315580}: java/lang/ObjectCustomizer> (0x0000000785315580) 
thrown [open/src/hotspot/share/classfile/systemDictionary.cpp, line 256]
Event: 2.520 Thread 0x00007fb85a11c600 Exception <a 'java/lang/IncompatibleClassChangeError'{0x000000078531a2a8}: Found class java.lang.Object, but interface was expected> (0x000000078531a2a8) 
thrown [open/src/hotspot/share/interpreter/linkResolver.cpp, line 833]
Event: 2.523 Thread 0x00007fb85a11c600 Exception <a 'java/lang/ClassNotFoundException'{0x000000078532f820}: org/springframework/context/annotation/ConfigurationClassPostProcessorCustomizer> (0x000000078532f820) 
thrown [open/src/hotspot/share/classfile/systemDictionary.cpp, line 256]
Event: 2.526 Thread 0x00007fb85a11c600 Exception <a 'java/lang/ClassNotFoundException'{0x0000000785355fd0}: org/springframework/beans/factory/support/BeanDefinitionRegistryPostProcessorCustomizer> (0x0000000785355fd0) 
thrown [open/src/hotspot/share/classfile/systemDictionary.cpp, line 256]
Event: 2.526 Thread 0x00007fb85a11c600 Exception <a 'java/lang/ClassNotFoundException'{0x000000078535cb20}: org/springframework/beans/factory/config/BeanFactoryPostProcessorCustomizer> (0x000000078535cb20) 
thrown [open/src/hotspot/share/classfile/systemDictionary.cpp, line 256]
Event: 2.527 Thread 0x00007fb85a11c600 Exception <a 'java/lang/ClassNotFoundException'{0x0000000785362f78}: org/springframework/core/PriorityOrderedCustomizer> (0x0000000785362f78) 
thrown [open/src/hotspot/share/classfile/systemDictionary.cpp, line 256]
Event: 2.527 Thread 0x00007fb85a11c600 Exception <a 'java/lang/ClassNotFoundException'{0x0000000785367f98}: org/springframework/core/OrderedCustomizer> (0x0000000785367f98) 
thrown [open/src/hotspot/share/classfile/systemDictionary.cpp, line 256]
Event: 2.527 Thread 0x00007fb85a11c600 Exception <a 'java/lang/ClassNotFoundException'{0x000000078536e628}: org/springframework/context/ResourceLoaderAwareCustomizer> (0x000000078536e628) 
thrown [open/src/hotspot/share/classfile/systemDictionary.cpp, line 256]
Event: 2.528 Thread 0x00007fb85a11c600 Exception <a 'java/lang/ClassNotFoundException'{0x0000000785374a78}: org/springframework/beans/factory/AwareCustomizer> (0x0000000785374a78) 
thrown [open/src/hotspot/share/classfile/systemDictionary.cpp, line 256]
Event: 2.528 Thread 0x00007fb85a11c600 Exception <a 'java/lang/ClassNotFoundException'{0x000000078537a210}: org/springframework/context/ApplicationStartupAwareCustomizer> (0x000000078537a210) 
thrown [open/src/hotspot/share/classfile/systemDictionary.cpp, line 256]
Event: 2.528 Thread 0x00007fb85a11c600 Exception <a 'java/lang/ClassNotFoundException'{0x0000000785380970}: org/springframework/beans/factory/AwareCustomizer> (0x0000000785380970) 
thrown [open/src/hotspot/share/classfile/systemDictionary.cpp, line 256]
Event: 2.528 Thread 0x00007fb85a11c600 Exception <a 'java/lang/ClassNotFoundException'{0x0000000785386208}: org/springframework/beans/factory/BeanClassLoaderAwareCustomizer> (0x0000000785386208) 
thrown [open/src/hotspot/share/classfile/systemDictionary.cpp, line 256]
Event: 2.531 Thread 0x00007fb85a11c600 Exception <a 'java/lang/ClassNotFoundException'{0x000000078538c640}: org/springframework/beans/factory/AwareCustomizer> (0x000000078538c640) 
thrown [open/src/hotspot/share/classfile/systemDictionary.cpp, line 256]
Event: 2.531 Thread 0x00007fb85a11c600 Exception <a 'java/lang/ClassNotFoundException'{0x0000000785391888}: org/springframework/context/EnvironmentAwareCustomizer> (0x0000000785391888) 
thrown [open/src/hotspot/share/classfile/systemDictionary.cpp, line 256]
Event: 2.531 Thread 0x00007fb85a11c600 Exception <a 'java/lang/ClassNotFoundException'{0x0000000785397c58}: org/springframework/beans/factory/AwareCustomizer> (0x0000000785397c58) 
thrown [open/src/hotspot/share/classfile/systemDictionary.cpp, line 256]
Event: 2.733 Thread 0x00007fb85a11c600 Exception <a 'java/lang/IncompatibleClassChangeError'{0x000000078734f980}: Found class java.lang.Object, but interface was expected> (0x000000078734f980) 
thrown [open/src/hotspot/share/interpreter/linkResolver.cpp, line 833]
Event: 2.776 Thread 0x00007fb85a11c600 Exception <a 'java/lang/NoSuchMethodError'{0x00000007872dd738}: 'void java.lang.invoke.DirectMethodHandle$Holder.invokeInterface(java.lang.Object, java.lang.Object, java.lang.Object, java.lang.Object)'> (0x00000007872dd738) 
thrown [open/src/hotspot/share/interpreter/linkResolver.cpp, line 766]
Event: 2.873 Thread 0x00007fb85a2c1200 Exception <a 'java/lang/reflect/InvocationTargetException'{0x0000000786e9fb90}> (0x0000000786e9fb90) 
thrown [open/src/hotspot/share/runtime/reflection.cpp, line 1121]

VM Operations (20 events):
Event: 2.358 Executing VM operation: HandshakeAllThreads
Event: 2.358 Executing VM operation: HandshakeAllThreads done
Event: 2.402 Executing VM operation: ICBufferFull
Event: 2.404 Executing VM operation: ICBufferFull done
Event: 2.506 Executing VM operation: HandshakeAllThreads
Event: 2.506 Executing VM operation: HandshakeAllThreads done
Event: 2.538 Executing VM operation: HandshakeAllThreads
Event: 2.538 Executing VM operation: HandshakeAllThreads done
Event: 2.674 Executing VM operation: G1CollectForAllocation
Event: 2.683 Executing VM operation: G1CollectForAllocation done
Event: 3.132 Executing VM operation: HandshakeAllThreads
Event: 3.132 Executing VM operation: HandshakeAllThreads done
Event: 3.267 Executing VM operation: ICBufferFull
Event: 3.269 Executing VM operation: ICBufferFull done
Event: 3.379 Executing VM operation: HandshakeAllThreads
Event: 3.379 Executing VM operation: HandshakeAllThreads done
Event: 3.379 Executing VM operation: HandshakeAllThreads
Event: 3.379 Executing VM operation: HandshakeAllThreads done
Event: 3.400 Executing VM operation: HandshakeAllThreads
Event: 3.400 Executing VM operation: HandshakeAllThreads done

Events (20 events):
Event: 2.546 loading class java/util/regex/Pattern$Loop done
Event: 2.546 loading class java/util/regex/Pattern$LazyLoop done
Event: 2.546 loading class java/util/regex/Pattern$Prolog
Event: 2.546 loading class java/util/regex/Pattern$Prolog done
Event: 2.607 Thread 0x00007fb85b28ac00 Thread added: 0x00007fb85b28ac00
Event: 2.607 Protecting memory [0x000000030e4c4000,0x000000030e4c8000] with protection modes 0
Event: 2.706 loading class javax/naming/ldap/LdapContext
Event: 2.706 loading class javax/naming/directory/DirContext
Event: 2.707 loading class javax/naming/directory/DirContext done
Event: 2.707 loading class javax/naming/ldap/LdapContext done
Event: 2.727 Protecting memory [0x000000030e4c4000,0x000000030e4c8000] with protection modes 3
Event: 2.727 Thread 0x00007fb85b28ac00 Thread exited: 0x00007fb85b28ac00
Event: 2.856 Thread 0x00007fb85921c000 Thread added: 0x00007fb85921c000
Event: 2.856 Protecting memory [0x000000030e4c4000,0x000000030e4c8000] with protection modes 0
Event: 2.879 Protecting memory [0x000000030e4c4000,0x000000030e4c8000] with protection modes 3
Event: 2.879 Thread 0x00007fb85921c000 Thread exited: 0x00007fb85921c000
Event: 3.248 loading class java/lang/TypeNotPresentException
Event: 3.248 loading class java/lang/TypeNotPresentException done
Event: 3.407 Thread 0x00007fb85a2d4400 Thread added: 0x00007fb85a2d4400
Event: 3.407 Protecting memory [0x000000030e4c4000,0x000000030e4c8000] with protection modes 0


Dynamic libraries:
0x000000010c931000 	/Users/eminebozkurt/Library/Java/JavaVirtualMachines/openjdk-17.0.1/Contents/Home/lib/libjli.dylib
0x00007ff823da6000 	/usr/lib/libz.1.dylib
0x00007ff823e8c000 	/usr/lib/libSystem.B.dylib
0x00007ff823e87000 	/usr/lib/system/libcache.dylib
0x00007ff823e43000 	/usr/lib/system/libcommonCrypto.dylib
0x00007ff823e6c000 	/usr/lib/system/libcompiler_rt.dylib
0x00007ff823e62000 	/usr/lib/system/libcopyfile.dylib
0x00007ff8189f6000 	/usr/lib/system/libcorecrypto.dylib
0x00007ff818ab5000 	/usr/lib/system/libdispatch.dylib
0x00007ff818c77000 	/usr/lib/system/libdyld.dylib
0x00007ff823e7e000 	/usr/lib/system/libkeymgr.dylib
0x00007ff823e21000 	/usr/lib/system/libmacho.dylib
0x00007ff8234b2000 	/usr/lib/system/libquarantine.dylib
0x00007ff823e7c000 	/usr/lib/system/libremovefile.dylib
0x00007ff81daf5000 	/usr/lib/system/libsystem_asl.dylib
0x00007ff8189a4000 	/usr/lib/system/libsystem_blocks.dylib
0x00007ff818b3c000 	/usr/lib/system/libsystem_c.dylib
0x00007ff823e74000 	/usr/lib/system/libsystem_collections.dylib
0x00007ff8226e8000 	/usr/lib/system/libsystem_configuration.dylib
0x00007ff8219a8000 	/usr/lib/system/libsystem_containermanager.dylib
0x00007ff823b5a000 	/usr/lib/system/libsystem_coreservices.dylib
0x00007ff81b1c3000 	/usr/lib/system/libsystem_darwin.dylib
0x00007ff823e7f000 	/usr/lib/system/libsystem_dnssd.dylib
0x00007ff818b39000 	/usr/lib/system/libsystem_featureflags.dylib
0x00007ff818c8d000 	/usr/lib/system/libsystem_info.dylib
0x00007ff823db9000 	/usr/lib/system/libsystem_m.dylib
0x00007ff818a89000 	/usr/lib/system/libsystem_malloc.dylib
0x00007ff81da92000 	/usr/lib/system/libsystem_networkextension.dylib
0x00007ff81b5eb000 	/usr/lib/system/libsystem_notify.dylib
0x00007ff82a079000 	/usr/lib/system/libsystem_product_info_filter.dylib
0x00007ff8226ec000 	/usr/lib/system/libsystem_sandbox.dylib
0x00007ff823e79000 	/usr/lib/system/libsystem_secinit.dylib
0x00007ff818c34000 	/usr/lib/system/libsystem_kernel.dylib
0x00007ff818c83000 	/usr/lib/system/libsystem_platform.dylib
0x00007ff818c6b000 	/usr/lib/system/libsystem_pthread.dylib
0x00007ff81f3b9000 	/usr/lib/system/libsystem_symptoms.dylib
0x00007ff8189dd000 	/usr/lib/system/libsystem_trace.dylib
0x00007ff823e4f000 	/usr/lib/system/libunwind.dylib
0x00007ff8189a6000 	/usr/lib/system/libxpc.dylib
0x00007ff818c1e000 	/usr/lib/libc++abi.dylib
0x00007ff818afc000 	/usr/lib/libobjc.A.dylib
0x00007ff823e5a000 	/usr/lib/liboah.dylib
0x00007ff818bc5000 	/usr/lib/libc++.1.dylib
0x00007ff82fda8000 	/System/Library/Frameworks/Cocoa.framework/Versions/A/Cocoa
0x00007ff81b649000 	/System/Library/Frameworks/AppKit.framework/Versions/C/AppKit
0x00007ff81eb99000 	/System/Library/Frameworks/CoreData.framework/Versions/A/CoreData
0x00007ff819a64000 	/System/Library/Frameworks/Foundation.framework/Versions/C/Foundation
0x00007ff81c4d6000 	/System/Library/PrivateFrameworks/UIFoundation.framework/Versions/A/UIFoundation
0x00007ff829d80000 	/System/Library/PrivateFrameworks/RemoteViewServices.framework/Versions/A/RemoteViewServices
0x00007ff82207f000 	/System/Library/PrivateFrameworks/XCTTargetBootstrap.framework/Versions/A/XCTTargetBootstrap
0x00007ff825d57000 	/System/Library/PrivateFrameworks/InternationalSupport.framework/Versions/A/InternationalSupport
0x00007ff825de1000 	/System/Library/PrivateFrameworks/UserActivity.framework/Versions/A/UserActivity
0x00007ff82513e000 	/usr/lib/libspindump.dylib
0x00007ff81c764000 	/System/Library/Frameworks/UniformTypeIdentifiers.framework/Versions/A/UniformTypeIdentifiers
0x00007ff8207be000 	/usr/lib/libapp_launch_measurement.dylib
0x00007ff81f573000 	/System/Library/PrivateFrameworks/CoreAnalytics.framework/Versions/A/CoreAnalytics
0x00007ff8207c1000 	/System/Library/PrivateFrameworks/CoreAutoLayout.framework/Versions/A/CoreAutoLayout
0x00007ff8219e0000 	/System/Library/Frameworks/Metal.framework/Versions/A/Metal
0x00007ff8226f7000 	/usr/lib/liblangid.dylib
0x00007ff822083000 	/System/Library/PrivateFrameworks/CoreSVG.framework/Versions/A/CoreSVG
0x00007ff81db26000 	/System/Library/PrivateFrameworks/SkyLight.framework/Versions/A/SkyLight
0x00007ff81deb7000 	/System/Library/Frameworks/CoreGraphics.framework/Versions/A/CoreGraphics
0x00007ff82a3eb000 	/System/Library/Frameworks/Accelerate.framework/Versions/A/Accelerate
0x00007ff824bb9000 	/System/Library/PrivateFrameworks/IconServices.framework/Versions/A/IconServices
0x00007ff8219c5000 	/System/Library/Frameworks/IOSurface.framework/Versions/A/IOSurface
0x00007ff81f5a1000 	/usr/lib/libDiagnosticMessagesClient.dylib
0x00007ff82da4a000 	/System/Library/Frameworks/ApplicationServices.framework/Versions/A/ApplicationServices
0x00007ff82206b000 	/System/Library/PrivateFrameworks/DFRFoundation.framework/Versions/A/DFRFoundation
0x00007ff81af3a000 	/usr/lib/libicucore.A.dylib
0x00007ff826a79000 	/System/Library/Frameworks/AudioToolbox.framework/Versions/A/AudioToolbox
0x00007ff825d63000 	/System/Library/PrivateFrameworks/DataDetectorsCore.framework/Versions/A/DataDetectorsCore
0x00007ff9214f8000 	/System/Library/PrivateFrameworks/TextInput.framework/Versions/A/TextInput
0x00007ff81daa9000 	/usr/lib/libMobileGestalt.dylib
0x00007ff821d73000 	/System/Library/Frameworks/Carbon.framework/Versions/A/Frameworks/HIToolbox.framework/Versions/A/HIToolbox
0x00007ff8201ec000 	/System/Library/Frameworks/QuartzCore.framework/Versions/A/QuartzCore
0x00007ff81abdb000 	/System/Library/Frameworks/Security.framework/Versions/A/Security
0x00007ff829db8000 	/System/Library/Frameworks/Carbon.framework/Versions/A/Frameworks/SpeechRecognition.framework/Versions/A/SpeechRecognition
0x00007ff82051e000 	/System/Library/PrivateFrameworks/CoreUI.framework/Versions/A/CoreUI
0x00007ff81a4b5000 	/System/Library/Frameworks/CoreAudio.framework/Versions/A/CoreAudio
0x00007ff81f68f000 	/System/Library/Frameworks/DiskArbitration.framework/Versions/A/DiskArbitration
0x00007ff825521000 	/System/Library/PrivateFrameworks/MultitouchSupport.framework/Versions/A/MultitouchSupport
0x00007ff81daa8000 	/usr/lib/libenergytrace.dylib
0x00007ff81b535000 	/System/Library/Frameworks/IOKit.framework/Versions/A/IOKit
0x00007ff82a1a2000 	/System/Library/Frameworks/CoreServices.framework/Versions/A/CoreServices
0x00007ff820758000 	/System/Library/PrivateFrameworks/PerformanceAnalysis.framework/Versions/A/PerformanceAnalysis
0x00007ffa30f67000 	/System/Library/Frameworks/OpenGL.framework/Versions/A/OpenGL
0x00007ff8233de000 	/System/Library/PrivateFrameworks/MobileKeyBag.framework/Versions/A/MobileKeyBag
0x00007ff81e5e6000 	/System/Library/Frameworks/ColorSync.framework/Versions/A/ColorSync
0x00007ff818cb8000 	/System/Library/Frameworks/CoreFoundation.framework/Versions/A/CoreFoundation
0x00007ff8222fe000 	/System/Library/Frameworks/CoreImage.framework/Versions/A/CoreImage
0x00007ff81a2cb000 	/System/Library/Frameworks/CoreText.framework/Versions/A/CoreText
0x00007ff8220b2000 	/System/Library/Frameworks/ImageIO.framework/Versions/A/ImageIO
0x00007ff823e92000 	/System/Library/PrivateFrameworks/SoftLinking.framework/Versions/A/SoftLinking
0x00007ff820809000 	/usr/lib/libxml2.2.dylib
0x00007ff824112000 	/usr/lib/libcompression.dylib
0x00007ff825c8d000 	/System/Library/PrivateFrameworks/TextureIO.framework/Versions/A/TextureIO
0x00007ff824832000 	/usr/lib/libate.dylib
0x00007ff8245eb000 	/usr/lib/liblzma.5.dylib
0x00007ff819775000 	/System/Library/Frameworks/SystemConfiguration.framework/Versions/A/SystemConfiguration
0x00007ff823e8e000 	/usr/lib/libfakelink.dylib
0x00007ff81d5fc000 	/System/Library/Frameworks/CFNetwork.framework/Versions/A/CFNetwork
0x00007ff823fcd000 	/usr/lib/libarchive.2.dylib
0x00007ff8226f3000 	/System/Library/PrivateFrameworks/AppleSystemInfo.framework/Versions/A/AppleSystemInfo
0x00007ff8234d8000 	/usr/lib/libbsm.0.dylib
0x00007ff81cc33000 	/usr/lib/libnetwork.dylib
0x00007ff823e27000 	/usr/lib/system/libkxld.dylib
0x00007ff823107000 	/System/Library/PrivateFrameworks/IOMobileFramebuffer.framework/Versions/A/IOMobileFramebuffer
0x00007ffb2e909000 	/usr/lib/libCoreEntitlements.dylib
0x00007ff823b3c000 	/System/Library/PrivateFrameworks/AppleFSCompression.framework/Versions/A/AppleFSCompression
0x00007ff8234c1000 	/usr/lib/libcoretls.dylib
0x00007ff824605000 	/usr/lib/libcoretls_cfhelpers.dylib
0x00007ff82410d000 	/usr/lib/libpam.2.dylib
0x00007ff81efdf000 	/usr/lib/libsqlite3.dylib
0x00007ff824674000 	/usr/lib/libxar.1.dylib
0x00007ff823b4c000 	/usr/lib/libbz2.1.0.dylib
0x00007ff823e93000 	/usr/lib/libpcap.A.dylib
0x00007ff81f3b0000 	/usr/lib/libdns_services.dylib
0x00007ff8240df000 	/usr/lib/libapple_nghttp2.dylib
0x00007ff823eca000 	/usr/lib/libiconv.2.dylib
0x00007ff823e20000 	/usr/lib/libcharset.1.dylib
0x00007ff82078c000 	/System/Library/Frameworks/CoreServices.framework/Versions/A/Frameworks/FSEvents.framework/Versions/A/FSEvents
0x00007ff81b1cd000 	/System/Library/Frameworks/CoreServices.framework/Versions/A/Frameworks/CarbonCore.framework/Versions/A/CarbonCore
0x00007ff81f5f4000 	/System/Library/Frameworks/CoreServices.framework/Versions/A/Frameworks/Metadata.framework/Versions/A/Metadata
0x00007ff823b5f000 	/System/Library/Frameworks/CoreServices.framework/Versions/A/Frameworks/OSServices.framework/Versions/A/OSServices
0x00007ff824053000 	/System/Library/Frameworks/CoreServices.framework/Versions/A/Frameworks/SearchKit.framework/Versions/A/SearchKit
0x00007ff81f342000 	/System/Library/Frameworks/CoreServices.framework/Versions/A/Frameworks/AE.framework/Versions/A/AE
0x00007ff8191b9000 	/System/Library/Frameworks/CoreServices.framework/Versions/A/Frameworks/LaunchServices.framework/Versions/A/LaunchServices
0x00007ff82459c000 	/System/Library/Frameworks/CoreServices.framework/Versions/A/Frameworks/DictionaryServices.framework/Versions/A/DictionaryServices
0x00007ff820799000 	/System/Library/Frameworks/CoreServices.framework/Versions/A/Frameworks/SharedFileList.framework/Versions/A/SharedFileList
0x00007ff8234b5000 	/usr/lib/libCheckFix.dylib
0x00007ff81db0c000 	/System/Library/PrivateFrameworks/TCC.framework/Versions/A/TCC
0x00007ff8226f9000 	/System/Library/PrivateFrameworks/CoreNLP.framework/Versions/A/CoreNLP
0x00007ff81f5a4000 	/System/Library/PrivateFrameworks/MetadataUtilities.framework/Versions/A/MetadataUtilities
0x00007ff819825000 	/usr/lib/libmecabra.dylib
0x00007ff8234e8000 	/usr/lib/libmecab.dylib
0x00007ff8197f0000 	/usr/lib/libCRFSuite.dylib
0x00007ff823545000 	/usr/lib/libgermantok.dylib
0x00007ff8240ba000 	/usr/lib/libThaiTokenizer.dylib
0x00007ff81f696000 	/System/Library/Frameworks/Accelerate.framework/Versions/A/Frameworks/vImage.framework/Versions/A/vImage
0x00007ff82a179000 	/System/Library/Frameworks/Accelerate.framework/Versions/A/Frameworks/vecLib.framework/Versions/A/vecLib
0x00007ff8246b5000 	/System/Library/Frameworks/Accelerate.framework/Versions/A/Frameworks/vecLib.framework/Versions/A/libvMisc.dylib
0x00007ff822efb000 	/System/Library/Frameworks/Accelerate.framework/Versions/A/Frameworks/vecLib.framework/Versions/A/libvDSP.dylib
0x00007ff819531000 	/System/Library/Frameworks/Accelerate.framework/Versions/A/Frameworks/vecLib.framework/Versions/A/libBLAS.dylib
0x00007ff8241ef000 	/System/Library/Frameworks/Accelerate.framework/Versions/A/Frameworks/vecLib.framework/Versions/A/libLAPACK.dylib
0x00007ff823548000 	/System/Library/Frameworks/Accelerate.framework/Versions/A/Frameworks/vecLib.framework/Versions/A/libLinearAlgebra.dylib
0x00007ff8240f8000 	/System/Library/Frameworks/Accelerate.framework/Versions/A/Frameworks/vecLib.framework/Versions/A/libSparseBLAS.dylib
0x00007ff8241e9000 	/System/Library/Frameworks/Accelerate.framework/Versions/A/Frameworks/vecLib.framework/Versions/A/libQuadrature.dylib
0x00007ff8227e3000 	/System/Library/Frameworks/Accelerate.framework/Versions/A/Frameworks/vecLib.framework/Versions/A/libBNNS.dylib
0x00007ff819706000 	/System/Library/Frameworks/Accelerate.framework/Versions/A/Frameworks/vecLib.framework/Versions/A/libSparse.dylib
0x00007ff8227dc000 	/System/Library/PrivateFrameworks/LinguisticData.framework/Versions/A/LinguisticData
0x00007ff8196bb000 	/System/Library/PrivateFrameworks/Lexicon.framework/Versions/A/Lexicon
0x00007ff8246ae000 	/usr/lib/libChineseTokenizer.dylib
0x00007ff819e1f000 	/System/Library/PrivateFrameworks/LanguageModeling.framework/Versions/A/LanguageModeling
0x00007ff8240bc000 	/System/Library/PrivateFrameworks/AppleSauce.framework/Versions/A/AppleSauce
0x00007ff8230f5000 	/System/Library/PrivateFrameworks/CoreEmoji.framework/Versions/A/CoreEmoji
0x00007ff823fbc000 	/usr/lib/libcmph.dylib
0x00007ff820770000 	/System/Library/Frameworks/OpenDirectory.framework/Versions/A/Frameworks/CFOpenDirectory.framework/Versions/A/CFOpenDirectory
0x00007ff820764000 	/System/Library/Frameworks/OpenDirectory.framework/Versions/A/OpenDirectory
0x00007ff824607000 	/System/Library/PrivateFrameworks/APFS.framework/Versions/A/APFS
0x00007ff823416000 	/System/Library/Frameworks/SecurityFoundation.framework/Versions/A/SecurityFoundation
0x00007ff824682000 	/usr/lib/libutil.dylib
0x00007ff81b4f8000 	/System/Library/PrivateFrameworks/CoreServicesStore.framework/Versions/A/CoreServicesStore
0x00007ff824686000 	/usr/lib/libxslt.1.dylib
0x00007ff8234a3000 	/System/Library/PrivateFrameworks/BackgroundTaskManagement.framework/Versions/A/BackgroundTaskManagement
0x00007ff825baf000 	/System/Library/Frameworks/ImageIO.framework/Versions/A/Resources/libRadiance.dylib
0x00007ff825bb8000 	/System/Library/Frameworks/ImageIO.framework/Versions/A/Resources/libJPEG.dylib
0x00007ff825b09000 	/System/Library/Frameworks/ImageIO.framework/Versions/A/Resources/libPng.dylib
0x00007ff825b2a000 	/System/Library/Frameworks/ImageIO.framework/Versions/A/Resources/libTIFF.dylib
0x00007ff825c16000 	/System/Library/Frameworks/ImageIO.framework/Versions/A/Resources/libGIF.dylib
0x00007ff82543e000 	/System/Library/Frameworks/ImageIO.framework/Versions/A/Resources/libJP2.dylib
0x00007ff824b80000 	/usr/lib/libexpat.1.dylib
0x00007ff8253f3000 	/System/Library/PrivateFrameworks/AppleJPEG.framework/Versions/A/AppleJPEG
0x00007ff821c3a000 	/System/Library/PrivateFrameworks/FontServices.framework/libFontParser.dylib
0x00007ff81f2ec000 	/System/Library/PrivateFrameworks/RunningBoardServices.framework/Versions/A/RunningBoardServices
0x00007ff830319000 	/System/Library/PrivateFrameworks/IOSurfaceAccelerator.framework/Versions/A/IOSurfaceAccelerator
0x00007ff82551d000 	/System/Library/PrivateFrameworks/WatchdogClient.framework/Versions/A/WatchdogClient
0x00007ff819f0e000 	/System/Library/Frameworks/CoreDisplay.framework/Versions/A/CoreDisplay
0x00007ff821b3a000 	/System/Library/Frameworks/CoreMedia.framework/Versions/A/CoreMedia
0x00007ff8219d7000 	/System/Library/PrivateFrameworks/IOAccelerator.framework/Versions/A/IOAccelerator
0x00007ff8208ec000 	/System/Library/Frameworks/CoreVideo.framework/Versions/A/CoreVideo
0x00007ff82410b000 	/System/Library/Frameworks/MetalPerformanceShaders.framework/Versions/A/MetalPerformanceShaders
0x00007ff825558000 	/System/Library/Frameworks/VideoToolbox.framework/Versions/A/VideoToolbox
0x00007ff81f234000 	/System/Library/PrivateFrameworks/BaseBoard.framework/Versions/A/BaseBoard
0x00007ff81efc5000 	/System/Library/PrivateFrameworks/ProtocolBuffer.framework/Versions/A/ProtocolBuffer
0x00007ff825ba8000 	/System/Library/PrivateFrameworks/GPUWrangler.framework/Versions/A/GPUWrangler
0x00007ff825b8b000 	/System/Library/PrivateFrameworks/IOPresentment.framework/Versions/A/IOPresentment
0x00007ff825bb2000 	/System/Library/PrivateFrameworks/DSExternalDisplay.framework/Versions/A/DSExternalDisplay
0x00007ffa30f5b000 	/System/Library/Frameworks/OpenGL.framework/Versions/A/Libraries/libCoreFSCache.dylib
0x00007ffb1cf08000 	/System/Library/PrivateFrameworks/GPUCompiler.framework/Versions/31001/Libraries/libGPUCompilerUtils.dylib
0x00007ff825c1b000 	/System/Library/PrivateFrameworks/CMCaptureCore.framework/Versions/A/CMCaptureCore
0x00007ff82512c000 	/System/Library/PrivateFrameworks/AppServerSupport.framework/Versions/A/AppServerSupport
0x00007ff8272f6000 	/System/Library/PrivateFrameworks/perfdata.framework/Versions/A/perfdata
0x00007ff81a03a000 	/System/Library/PrivateFrameworks/AudioToolboxCore.framework/Versions/A/AudioToolboxCore
0x00007ff821b17000 	/System/Library/PrivateFrameworks/caulk.framework/Versions/A/caulk
0x00007ff826c23000 	/usr/lib/libAudioStatistics.dylib
0x00007ff91ddb7000 	/System/Library/PrivateFrameworks/SystemPolicy.framework/Versions/A/SystemPolicy
0x00007ff826e6f000 	/usr/lib/libSMC.dylib
0x00007ff82fc5b000 	/System/Library/Frameworks/CoreMIDI.framework/Versions/A/CoreMIDI
0x00007ff825ad9000 	/usr/lib/libAudioToolboxUtility.dylib
0x00007ff91a23f000 	/System/Library/PrivateFrameworks/OSAServicesClient.framework/Versions/A/OSAServicesClient
0x00007ff827303000 	/usr/lib/libperfcheck.dylib
0x00007ff91e843000 	/usr/lib/libmis.dylib
0x00007ffa30fb7000 	/System/Library/Frameworks/OpenGL.framework/Versions/A/Libraries/libGLU.dylib
0x00007ffa30f7a000 	/System/Library/Frameworks/OpenGL.framework/Versions/A/Libraries/libGFXShared.dylib
0x00007ffa31188000 	/System/Library/Frameworks/OpenGL.framework/Versions/A/Libraries/libGL.dylib
0x00007ffa30f83000 	/System/Library/Frameworks/OpenGL.framework/Versions/A/Libraries/libGLImage.dylib
0x00007ffa30f77000 	/System/Library/Frameworks/OpenGL.framework/Versions/A/Libraries/libCVMSPluginSupport.dylib
0x00007ffa30f62000 	/System/Library/Frameworks/OpenGL.framework/Versions/A/Libraries/libCoreVMClient.dylib
0x00007ff822677000 	/System/Library/Frameworks/MetalPerformanceShaders.framework/Versions/A/Frameworks/MPSCore.framework/Versions/A/MPSCore
0x00007ff823aa7000 	/System/Library/Frameworks/MetalPerformanceShaders.framework/Versions/A/Frameworks/MPSImage.framework/Versions/A/MPSImage
0x00007ff82355e000 	/System/Library/Frameworks/MetalPerformanceShaders.framework/Versions/A/Frameworks/MPSNeuralNetwork.framework/Versions/A/MPSNeuralNetwork
0x00007ff8239d3000 	/System/Library/Frameworks/MetalPerformanceShaders.framework/Versions/A/Frameworks/MPSMatrix.framework/Versions/A/MPSMatrix
0x00007ff82378f000 	/System/Library/Frameworks/MetalPerformanceShaders.framework/Versions/A/Frameworks/MPSRayIntersector.framework/Versions/A/MPSRayIntersector
0x00007ff823a0c000 	/System/Library/Frameworks/MetalPerformanceShaders.framework/Versions/A/Frameworks/MPSNDArray.framework/Versions/A/MPSNDArray
0x00007ffa35b60000 	/System/Library/Frameworks/MetalPerformanceShaders.framework/Versions/A/Frameworks/MPSFunctions.framework/Versions/A/MPSFunctions
0x00007ff819414000 	/System/Library/PrivateFrameworks/MetalTools.framework/Versions/A/MetalTools
0x00007ff8226f1000 	/System/Library/PrivateFrameworks/AggregateDictionary.framework/Versions/A/AggregateDictionary
0x00007ff824962000 	/usr/lib/libIOReport.dylib
0x00007ffa32597000 	/System/Library/Frameworks/OpenCL.framework/Versions/A/OpenCL
0x00007ff824cc6000 	/System/Library/PrivateFrameworks/FaceCore.framework/Versions/A/FaceCore
0x00007ff824cb7000 	/System/Library/PrivateFrameworks/GraphVisualizer.framework/Versions/A/GraphVisualizer
0x00007ffb1ce13000 	/System/Library/PrivateFrameworks/FontServices.framework/Versions/A/FontServices
0x00007ff8250e3000 	/System/Library/PrivateFrameworks/OTSVG.framework/Versions/A/OTSVG
0x00007ff8204d4000 	/System/Library/Frameworks/ApplicationServices.framework/Versions/A/Frameworks/ATS.framework/Versions/A/Resources/libFontRegistry.dylib
0x00007ff825134000 	/System/Library/PrivateFrameworks/FontServices.framework/libhvf.dylib
0x00007ffb1ce14000 	/System/Library/PrivateFrameworks/FontServices.framework/libXTFontStaticRegistryData.dylib
0x00007ff824b30000 	/System/Library/PrivateFrameworks/AppleVA.framework/Versions/A/AppleVA
0x00007ff826c43000 	/System/Library/Frameworks/ApplicationServices.framework/Versions/A/Frameworks/ATS.framework/Versions/A/ATS
0x00007ff81e6e2000 	/System/Library/Frameworks/ApplicationServices.framework/Versions/A/Frameworks/HIServices.framework/Versions/A/HIServices
0x00007ff825c25000 	/System/Library/Frameworks/ApplicationServices.framework/Versions/A/Frameworks/PrintCore.framework/Versions/A/PrintCore
0x00007ff826fc2000 	/System/Library/Frameworks/ApplicationServices.framework/Versions/A/Frameworks/QD.framework/Versions/A/QD
0x00007ff826fba000 	/System/Library/Frameworks/ApplicationServices.framework/Versions/A/Frameworks/ColorSyncLegacy.framework/Versions/A/ColorSyncLegacy
0x00007ff826c33000 	/System/Library/Frameworks/ApplicationServices.framework/Versions/A/Frameworks/SpeechSynthesis.framework/Versions/A/SpeechSynthesis
0x00007ff825be6000 	/System/Library/Frameworks/ApplicationServices.framework/Versions/A/Frameworks/ATSUI.framework/Versions/A/ATSUI
0x00007ff826f4f000 	/usr/lib/libcups.2.dylib
0x00007ff827312000 	/System/Library/Frameworks/Kerberos.framework/Versions/A/Kerberos
0x00007ff827321000 	/System/Library/Frameworks/GSS.framework/Versions/A/GSS
0x00007ff826caf000 	/usr/lib/libresolv.9.dylib
0x00007ff825143000 	/System/Library/PrivateFrameworks/Heimdal.framework/Versions/A/Heimdal
0x00007ff82ddc5000 	/System/Library/Frameworks/Kerberos.framework/Versions/A/Libraries/libHeimdalProxy.dylib
0x00007ff81f3c1000 	/System/Library/Frameworks/Network.framework/Versions/A/Network
0x00007ff824b9a000 	/usr/lib/libheimdal-asn1.dylib
0x00007ff82736c000 	/System/Library/PrivateFrameworks/CommonAuth.framework/Versions/A/CommonAuth
0x00007ff826bb4000 	/System/Library/PrivateFrameworks/AudioSession.framework/Versions/A/AudioSession
0x00007ff824c2a000 	/System/Library/PrivateFrameworks/MediaExperience.framework/Versions/A/MediaExperience
0x00007ff826a48000 	/System/Library/PrivateFrameworks/AudioSession.framework/libSessionUtility.dylib
0x00007ff826fce000 	/System/Library/PrivateFrameworks/AudioResourceArbitration.framework/Versions/A/AudioResourceArbitration
0x00007ff824ba3000 	/System/Library/PrivateFrameworks/IconFoundation.framework/Versions/A/IconFoundation
0x00007ff829da8000 	/System/Library/PrivateFrameworks/SpeechRecognitionCore.framework/Versions/A/SpeechRecognitionCore
0x00007ffa1cfb2000 	/System/Library/CoreServices/Encodings/libLatin5Converter.dylib
0x000000010d9b5000 	/Users/eminebozkurt/Library/Java/JavaVirtualMachines/openjdk-17.0.1/Contents/Home/lib/server/libjvm.dylib
0x000000010c9c1000 	/Users/eminebozkurt/Library/Java/JavaVirtualMachines/openjdk-17.0.1/Contents/Home/lib/libjimage.dylib
0x000000010c9f3000 	/Users/eminebozkurt/Library/Java/JavaVirtualMachines/openjdk-17.0.1/Contents/Home/lib/libinstrument.dylib
0x000000010ca49000 	/Users/eminebozkurt/Library/Java/JavaVirtualMachines/openjdk-17.0.1/Contents/Home/lib/libjava.dylib
0x000000010cb48000 	/private/var/folders/9w/wjpl4t0d64b6543vgqc0hbg00000gn/T/libasyncProfiler.so
0x000000010d7fe000 	/Users/eminebozkurt/Library/Java/JavaVirtualMachines/openjdk-17.0.1/Contents/Home/lib/libzip.dylib
0x000000010d83c000 	/Users/eminebozkurt/Library/Java/JavaVirtualMachines/openjdk-17.0.1/Contents/Home/lib/libnio.dylib
0x000000010d893000 	/Users/eminebozkurt/Library/Java/JavaVirtualMachines/openjdk-17.0.1/Contents/Home/lib/libnet.dylib
0x000000010d8d8000 	/Users/eminebozkurt/Library/Java/JavaVirtualMachines/openjdk-17.0.1/Contents/Home/lib/libextnet.dylib
0x000000010eaad000 	/Users/eminebozkurt/Library/Java/JavaVirtualMachines/openjdk-17.0.1/Contents/Home/lib/libmanagement.dylib
0x000000010ead6000 	/Users/eminebozkurt/Library/Java/JavaVirtualMachines/openjdk-17.0.1/Contents/Home/lib/libmanagement_ext.dylib


VM Arguments:
jvm_args: -XX:TieredStopAtLevel=1 -Xverify:none -Dspring.output.ansi.enabled=always -javaagent:/Applications/IntelliJ IDEA.app/Contents/lib/idea_rt.jar=51476:/Applications/IntelliJ IDEA.app/Contents/bin -Dcom.sun.management.jmxremote -Dspring.jmx.enabled=true -Dspring.liveBeansView.mbeanDomain -Dspring.application.admin.enabled=true -agentpath:/private/var/folders/9w/wjpl4t0d64b6543vgqc0hbg00000gn/T/libasyncProfiler.so=start,jfr,event=cpu,interval=1ms,event=alloc,file=/Users/eminebozkurt/NorthwindApplication_2021_11_30_220505.jfr -Dfile.encoding=UTF-8 
java_command: kodlamaio.northwind.NorthwindApplication
java_class_path (initial): /Users/eminebozkurt/Documents/java/northwind/target/classes:/Users/eminebozkurt/.m2/repository/org/springframework/boot/spring-boot-starter-data-jpa/2.6.0/spring-boot-starter-data-jpa-2.6.0.jar:/Users/eminebozkurt/.m2/repository/org/springframework/boot/spring-boot-starter-aop/2.6.0/spring-boot-starter-aop-2.6.0.jar:/Users/eminebozkurt/.m2/repository/org/springframework/spring-aop/5.3.13/spring-aop-5.3.13.jar:/Users/eminebozkurt/.m2/repository/org/aspectj/aspectjweaver/1.9.7/aspectjweaver-1.9.7.jar:/Users/eminebozkurt/.m2/repository/org/springframework/boot/spring-boot-starter-jdbc/2.6.0/spring-boot-starter-jdbc-2.6.0.jar:/Users/eminebozkurt/.m2/repository/com/zaxxer/HikariCP/4.0.3/HikariCP-4.0.3.jar:/Users/eminebozkurt/.m2/repository/org/springframework/spring-jdbc/5.3.13/spring-jdbc-5.3.13.jar:/Users/eminebozkurt/.m2/repository/jakarta/transaction/jakarta.transaction-api/1.3.3/jakarta.transaction-api-1.3.3.jar:/Users/eminebozkurt/.m2/repository/jakarta/persistence/jakarta.persistence-api/2.2.3/jakarta.persistence-api-2.2.3.jar:/Users/eminebozkurt/.m2/repository/org/hibernate/hibernate-core/5.6.1.Final/hibernate-core-5.6.1.Final.jar:/Users/eminebozkurt/.m2/repository/org/jboss/logging/jboss-logging/3.4.2.Final/jboss-logging-3.4.2.Final.jar:/Users/eminebozkurt/.m2/repository/net/bytebuddy/byte-buddy/1.11.22/byte-buddy-1.11.22.jar:/Users/eminebozkurt/.m2/repository/antlr/antlr/2.7.7/antlr-2.7.7.jar:/Users/eminebozkurt/.m2/repository/org/jboss/jandex/2.2.3.Final/jandex-2.2.3.Final.jar:/Users/eminebozkurt/.m2/repository/com/fasterxml/classmate/1.5.1/classmate-1.5.1.jar:/Users/eminebozkurt/.m2/repository/org/hibernate/common/hibernate-commons-annotations/5.1.2.Final/hibernate-commons-annotations-5.1.2.Final.jar:/Users/eminebozkurt/.m2/repository/org/glassfish/jaxb/jaxb-runtime/2.3.5/jaxb-runtime-2.3.5.jar:/Users/eminebozkurt/.m2/repository/org/glassfish/jaxb/txw2/2.3.5/txw2-2.3.5.jar:/Users/eminebozkurt/.m2/repository/com/sun/istack/istack-c
Launcher Type: SUN_STANDARD

[Global flags]
     intx CICompilerCount                          = 4                                         {product} {ergonomic}
     uint ConcGCThreads                            = 2                                         {product} {ergonomic}
     uint G1ConcRefinementThreads                  = 8                                         {product} {ergonomic}
   size_t G1HeapRegionSize                         = 1048576                                   {product} {ergonomic}
    uintx GCDrainStackTargetSize                   = 64                                        {product} {ergonomic}
   size_t InitialHeapSize                          = 134217728                                 {product} {ergonomic}
     bool ManagementServer                         = true                                      {product} {command line}
   size_t MarkStackSize                            = 4194304                                   {product} {ergonomic}
   size_t MaxHeapSize                              = 2147483648                                {product} {ergonomic}
   size_t MaxNewSize                               = 1287651328                                {product} {ergonomic}
   size_t MinHeapDeltaBytes                        = 1048576                                   {product} {ergonomic}
   size_t MinHeapSize                              = 8388608                                   {product} {ergonomic}
    uintx NonProfiledCodeHeapSize                  = 0                                      {pd product} {ergonomic}
     bool ProfileInterpreter                       = false                                  {pd product} {command line}
    uintx ProfiledCodeHeapSize                     = 0                                      {pd product} {ergonomic}
   size_t SoftMaxHeapSize                          = 2147483648                             {manageable} {ergonomic}
     intx TieredStopAtLevel                        = 1                                         {product} {command line}
     bool UseCompressedClassPointers               = true                           {product lp64_product} {ergonomic}
     bool UseCompressedOops                        = true                           {product lp64_product} {ergonomic}
     bool UseG1GC                                  = true                                      {product} {ergonomic}
     bool UseNUMA                                  = false                                     {product} {ergonomic}
     bool UseNUMAInterleaving                      = false                                     {product} {ergonomic}

Logging:
Log output configuration:
 #0: stdout all=warning,jni+resolve=error uptime,level,tags (reconfigured)
 #1: stderr all=off uptime,level,tags

Environment Variables:
PATH=xport PATH=/opt/homebrew/bin:/opt/homebrew/sbin:/usr/local/bin:/usr/bin:/bin:/usr/sbin:/sbin:/Library/Apple/usr/bin:/Users/eminebozkurt/Documents/eb/development/flutter/bin:/Users/eminebozkurt/.rvm/bin
SHELL=/bin/zsh
LC_CTYPE=tr_TR.UTF-8

Signal Handlers:
   SIGSEGV: _ZL13crash_handleriP9__siginfoPv in libjvm.dylib, mask=11100110100111111111111111111111, flags=SA_RESTART|SA_SIGINFO
    SIGBUS: _ZL13crash_handleriP9__siginfoPv in libjvm.dylib, mask=11100110100111111111111111111111, flags=SA_RESTART|SA_SIGINFO
    SIGFPE: _ZL13crash_handleriP9__siginfoPv in libjvm.dylib, mask=11100110100111111111111111111111, flags=SA_RESTART|SA_SIGINFO
   SIGPIPE: _ZL17javaSignalHandleriP9__siginfoPv in libjvm.dylib, mask=11100110100111111111111111111111, flags=SA_RESTART|SA_SIGINFO
   SIGXFSZ: _ZL17javaSignalHandleriP9__siginfoPv in libjvm.dylib, mask=11100110100111111111111111111111, flags=SA_RESTART|SA_SIGINFO
    SIGILL: _ZL13crash_handleriP9__siginfoPv in libjvm.dylib, mask=11100110100111111111111111111111, flags=SA_RESTART|SA_SIGINFO
   SIGUSR2: _ZL10SR_handleriP9__siginfoP17__darwin_ucontext in libjvm.dylib, mask=00100000000000000000000000000000, flags=SA_RESTART|SA_SIGINFO
    SIGHUP: _ZL11UserHandleriPvS_ in libjvm.dylib, mask=11100110100111111111111111111111, flags=SA_RESTART|SA_SIGINFO
    SIGINT: _ZL11UserHandleriPvS_ in libjvm.dylib, mask=11100110100111111111111111111111, flags=SA_RESTART|SA_SIGINFO
   SIGTERM: _ZL11UserHandleriPvS_ in libjvm.dylib, mask=11100110100111111111111111111111, flags=SA_RESTART|SA_SIGINFO
   SIGQUIT: _ZL11UserHandleriPvS_ in libjvm.dylib, mask=11100110100111111111111111111111, flags=SA_RESTART|SA_SIGINFO
   SIGTRAP: _ZL13crash_handleriP9__siginfoPv in libjvm.dylib, mask=11100110100111111111111111111111, flags=SA_RESTART|SA_SIGINFO


---------------  S Y S T E M  ---------------

OS:
uname: Darwin 21.1.0 Darwin Kernel Version 21.1.0: Wed Oct 13 17:33:24 PDT 2021; root:xnu-8019.41.5~1/RELEASE_ARM64_T8101 x86_64
OS uptime: 0 days 1:56 hours
rlimit (soft/hard): STACK 8176k/65520k , CORE 0k/infinity , NPROC 1333/2000 , NOFILE 10240/infinity , AS infinity/infinity , CPU infinity/infinity , DATA infinity/infinity , FSIZE infinity/infinity , MEMLOCK infinity/infinity , RSS infinity/infinity
load average: 2.99 2.46 2.37

CPU: (EMULATED) total 8 (initial active 8) (1 cores per cpu, 1 threads per core) family 6 model 44 stepping 0 microcode 0x0, cx8, cmov, fxsr, mmx, sse, sse2, sse3, ssse3, sse4.1, sse4.2, popcnt, tsc, tscinvbit, aes, clmul, clflush

Memory: 4k page, physical 8388608k(23508k free), swap 1048576k(942592k free)

vm_info: OpenJDK 64-Bit Server VM (17.0.1+12-39) for bsd-amd64 JRE (17.0.1+12-39), built on Sep 27 2021 17:37:19 by "mach5one" with clang Apple LLVM 12.0.0 (clang-1200.0.32.29)

END.
